<?xml version="1.0" encoding="UTF-8"?>
<testng-results ignored="0" total="1" passed="1" failed="0" skipped="0">
  <reporter-output>
  </reporter-output>
  <suite started-at="2021-04-22T12:51:32 PDT" name="Default suite" finished-at="2021-04-22T12:51:47 PDT" duration-ms="14748">
    <groups>
    </groups>
    <test started-at="2021-04-22T12:51:32 PDT" name="Default test" finished-at="2021-04-22T12:51:47 PDT" duration-ms="14748">
      <class name="AppiumBasic.RunAndroidApp">
        <test-method signature="Operate_Android_Calculator()[pri:0, instance:AppiumBasic.RunAndroidApp@e7edb54]" started-at="2021-04-22T12:51:32 PDT" name="Operate_Android_Calculator" finished-at="2021-04-22T12:51:47 PDT" duration-ms="14695" status="PASS">
          <reporter-output>
          </reporter-output>
        </test-method> <!-- Operate_Android_Calculator -->
      </class> <!-- AppiumBasic.RunAndroidApp -->
    </test> <!-- Default test -->
  </suite> <!-- Default suite -->
</testng-results>
